app/build/intermediates/manifest_merge_blame_file/debug/manifest-merger-blame-debug-report.txt
1<?xml version="1.0" encoding="utf-8"?>
2<manifest xmlns:android="http://schemas.android.com/apk/res/android"
3    package="com.example.g_fit"
4    android:versionCode="1"
5    android:versionName="1.0" >
6
7    <uses-sdk
8        android:minSdkVersion="21"
8-->src\main\AndroidManifest.xml
9        android:targetSdkVersion="31" />
9-->src\main\AndroidManifest.xml
10
11    <uses-permission android:name="android.permission.INTERNET" />
11-->[com.google.firebase:firebase-auth:21.0.1] AndroidManifest.xml:23:5-67
11-->[com.google.firebase:firebase-auth:21.0.1] AndroidManifest.xml:23:22-64
12    <uses-permission android:name="android.permission.ACCESS_NETWORK_STATE" />
12-->[com.google.firebase:firebase-auth:21.0.1] AndroidManifest.xml:24:5-79
12-->[com.google.firebase:firebase-auth:21.0.1] AndroidManifest.xml:24:22-76
13
14    <application
14-->src\main\AndroidManifest.xml:5:5-39:19
15        android:allowBackup="true"
15-->src\main\AndroidManifest.xml:6:9-35
16        android:appComponentFactory="androidx.core.app.CoreComponentFactory"
16-->[androidx.core:core:1.5.0] AndroidManifest.xml:24:18-86
17        android:debuggable="true"
18        android:icon="@mipmap/ic_launcher"
18-->src\main\AndroidManifest.xml:7:9-43
19        android:label="@string/app_name"
19-->src\main\AndroidManifest.xml:8:9-41
20        android:roundIcon="@mipmap/ic_launcher_round"
20-->src\main\AndroidManifest.xml:9:9-54
21        android:supportsRtl="true"
21-->src\main\AndroidManifest.xml:10:9-35
22        android:testOnly="true"
23        android:theme="@style/Theme.GFit" >
23-->src\main\AndroidManifest.xml:11:9-42
24        <activity
24-->src\main\AndroidManifest.xml:12:9-14:40
25            android:name="com.example.g_fit.ExercisePage"
25-->src\main\AndroidManifest.xml:13:13-41
26            android:exported="false" />
26-->src\main\AndroidManifest.xml:14:13-37
27        <activity
27-->src\main\AndroidManifest.xml:15:9-17:40
28            android:name="com.example.g_fit.SignUpScreen"
28-->src\main\AndroidManifest.xml:16:13-41
29            android:exported="false" />
29-->src\main\AndroidManifest.xml:17:13-37
30        <activity
30-->src\main\AndroidManifest.xml:18:9-20:39
31            android:name="com.example.g_fit.LogInScreen"
31-->src\main\AndroidManifest.xml:19:13-40
32            android:exported="true" />
32-->src\main\AndroidManifest.xml:20:13-36
33        <activity
33-->src\main\AndroidManifest.xml:21:9-23:39
34            android:name="com.example.g_fit.GetStartedScreen"
34-->src\main\AndroidManifest.xml:22:13-45
35            android:exported="true" />
35-->src\main\AndroidManifest.xml:23:13-36
36        <activity
36-->src\main\AndroidManifest.xml:24:9-26:39
37            android:name="com.example.g_fit.OnBoardingScreen"
37-->src\main\AndroidManifest.xml:25:13-45
38            android:exported="true" />
38-->src\main\AndroidManifest.xml:26:13-36
39        <activity
39-->src\main\AndroidManifest.xml:27:9-35:20
40            android:name="com.example.g_fit.SplashScreen"
40-->src\main\AndroidManifest.xml:28:13-41
41            android:exported="true" >
41-->src\main\AndroidManifest.xml:29:13-36
42            <intent-filter>
42-->src\main\AndroidManifest.xml:30:13-34:29
43                <action android:name="android.intent.action.MAIN" />
43-->src\main\AndroidManifest.xml:31:17-69
43-->src\main\AndroidManifest.xml:31:25-66
44
45                <category android:name="android.intent.category.LAUNCHER" />
45-->src\main\AndroidManifest.xml:33:17-77
45-->src\main\AndroidManifest.xml:33:27-74
46            </intent-filter>
47        </activity>
48        <activity
48-->src\main\AndroidManifest.xml:36:9-38:39
49            android:name="com.example.g_fit.HomeScreen"
49-->src\main\AndroidManifest.xml:37:13-39
50            android:exported="true" />
50-->src\main\AndroidManifest.xml:38:13-36
51        <activity
51-->[com.google.firebase:firebase-auth:21.0.1] AndroidManifest.xml:27:9-44:20
52            android:name="com.google.firebase.auth.internal.GenericIdpActivity"
52-->[com.google.firebase:firebase-auth:21.0.1] AndroidManifest.xml:28:13-80
53            android:excludeFromRecents="true"
53-->[com.google.firebase:firebase-auth:21.0.1] AndroidManifest.xml:29:13-46
54            android:exported="true"
54-->[com.google.firebase:firebase-auth:21.0.1] AndroidManifest.xml:30:13-36
55            android:launchMode="singleTask"
55-->[com.google.firebase:firebase-auth:21.0.1] AndroidManifest.xml:31:13-44
56            android:theme="@android:style/Theme.Translucent.NoTitleBar" >
56-->[com.google.firebase:firebase-auth:21.0.1] AndroidManifest.xml:32:13-72
57            <intent-filter>
57-->[com.google.firebase:firebase-auth:21.0.1] AndroidManifest.xml:33:13-43:29
58                <action android:name="android.intent.action.VIEW" />
58-->[com.google.firebase:firebase-auth:21.0.1] AndroidManifest.xml:34:17-69
58-->[com.google.firebase:firebase-auth:21.0.1] AndroidManifest.xml:34:25-66
59
60                <category android:name="android.intent.category.DEFAULT" />
60-->[com.google.firebase:firebase-auth:21.0.1] AndroidManifest.xml:36:17-76
60-->[com.google.firebase:firebase-auth:21.0.1] AndroidManifest.xml:36:27-73
61                <category android:name="android.intent.category.BROWSABLE" />
61-->[com.google.firebase:firebase-auth:21.0.1] AndroidManifest.xml:37:17-78
61-->[com.google.firebase:firebase-auth:21.0.1] AndroidManifest.xml:37:27-75
62
63                <data
63-->[com.google.firebase:firebase-auth:21.0.1] AndroidManifest.xml:39:17-42:51
64                    android:host="firebase.auth"
64-->[com.google.firebase:firebase-auth:21.0.1] AndroidManifest.xml:40:21-49
65                    android:path="/"
65-->[com.google.firebase:firebase-auth:21.0.1] AndroidManifest.xml:41:21-37
66                    android:scheme="genericidp" />
66-->[com.google.firebase:firebase-auth:21.0.1] AndroidManifest.xml:42:21-48
67            </intent-filter>
68        </activity>
69        <activity
69-->[com.google.firebase:firebase-auth:21.0.1] AndroidManifest.xml:45:9-62:20
70            android:name="com.google.firebase.auth.internal.RecaptchaActivity"
70-->[com.google.firebase:firebase-auth:21.0.1] AndroidManifest.xml:46:13-79
71            android:excludeFromRecents="true"
71-->[com.google.firebase:firebase-auth:21.0.1] AndroidManifest.xml:47:13-46
72            android:exported="true"
72-->[com.google.firebase:firebase-auth:21.0.1] AndroidManifest.xml:48:13-36
73            android:launchMode="singleTask"
73-->[com.google.firebase:firebase-auth:21.0.1] AndroidManifest.xml:49:13-44
74            android:theme="@android:style/Theme.Translucent.NoTitleBar" >
74-->[com.google.firebase:firebase-auth:21.0.1] AndroidManifest.xml:50:13-72
75            <intent-filter>
75-->[com.google.firebase:firebase-auth:21.0.1] AndroidManifest.xml:51:13-61:29
76                <action android:name="android.intent.action.VIEW" />
76-->[com.google.firebase:firebase-auth:21.0.1] AndroidManifest.xml:34:17-69
76-->[com.google.firebase:firebase-auth:21.0.1] AndroidManifest.xml:34:25-66
77
78                <category android:name="android.intent.category.DEFAULT" />
78-->[com.google.firebase:firebase-auth:21.0.1] AndroidManifest.xml:36:17-76
78-->[com.google.firebase:firebase-auth:21.0.1] AndroidManifest.xml:36:27-73
79                <category android:name="android.intent.category.BROWSABLE" />
79-->[com.google.firebase:firebase-auth:21.0.1] AndroidManifest.xml:37:17-78
79-->[com.google.firebase:firebase-auth:21.0.1] AndroidManifest.xml:37:27-75
80
81                <data
81-->[com.google.firebase:firebase-auth:21.0.1] AndroidManifest.xml:39:17-42:51
82                    android:host="firebase.auth"
82-->[com.google.firebase:firebase-auth:21.0.1] AndroidManifest.xml:40:21-49
83                    android:path="/"
83-->[com.google.firebase:firebase-auth:21.0.1] AndroidManifest.xml:41:21-37
84                    android:scheme="recaptcha" />
84-->[com.google.firebase:firebase-auth:21.0.1] AndroidManifest.xml:42:21-48
85            </intent-filter>
86        </activity>
87
88        <service
88-->[com.google.firebase:firebase-auth:21.0.1] AndroidManifest.xml:64:9-73:19
89            android:name="com.google.firebase.auth.api.fallback.service.FirebaseAuthFallbackService"
89-->[com.google.firebase:firebase-auth:21.0.1] AndroidManifest.xml:65:13-101
90            android:enabled="true"
90-->[com.google.firebase:firebase-auth:21.0.1] AndroidManifest.xml:66:13-35
91            android:exported="false" >
91-->[com.google.firebase:firebase-auth:21.0.1] AndroidManifest.xml:67:13-37
92            <intent-filter>
92-->[com.google.firebase:firebase-auth:21.0.1] AndroidManifest.xml:68:13-72:29
93                <action android:name="com.google.firebase.auth.api.gms.service.START" />
93-->[com.google.firebase:firebase-auth:21.0.1] AndroidManifest.xml:69:17-89
93-->[com.google.firebase:firebase-auth:21.0.1] AndroidManifest.xml:69:25-86
94
95                <category android:name="android.intent.category.DEFAULT" />
95-->[com.google.firebase:firebase-auth:21.0.1] AndroidManifest.xml:36:17-76
95-->[com.google.firebase:firebase-auth:21.0.1] AndroidManifest.xml:36:27-73
96            </intent-filter>
97        </service>
98        <service
98-->[com.google.firebase:firebase-auth:21.0.1] AndroidManifest.xml:74:9-80:19
99            android:name="com.google.firebase.components.ComponentDiscoveryService"
99-->[com.google.firebase:firebase-auth:21.0.1] AndroidManifest.xml:75:13-84
100            android:directBootAware="true"
100-->[com.google.firebase:firebase-common:20.0.0] AndroidManifest.xml:35:13-43
101            android:exported="false" >
101-->[com.google.firebase:firebase-auth:21.0.1] AndroidManifest.xml:76:13-37
102            <meta-data
102-->[com.google.firebase:firebase-auth:21.0.1] AndroidManifest.xml:77:13-79:85
103                android:name="com.google.firebase.components:com.google.firebase.auth.FirebaseAuthRegistrar"
103-->[com.google.firebase:firebase-auth:21.0.1] AndroidManifest.xml:78:17-109
104                android:value="com.google.firebase.components.ComponentRegistrar" />
104-->[com.google.firebase:firebase-auth:21.0.1] AndroidManifest.xml:79:17-82
105            <meta-data
105-->[com.google.firebase:firebase-database:20.0.2] AndroidManifest.xml:32:13-34:85
106                android:name="com.google.firebase.components:com.google.firebase.database.DatabaseRegistrar"
106-->[com.google.firebase:firebase-database:20.0.2] AndroidManifest.xml:33:17-109
107                android:value="com.google.firebase.components.ComponentRegistrar" />
107-->[com.google.firebase:firebase-database:20.0.2] AndroidManifest.xml:34:17-82
108        </service>
109
110        <activity
110-->[com.google.android.gms:play-services-base:17.1.0] AndroidManifest.xml:23:9-26:75
111            android:name="com.google.android.gms.common.api.GoogleApiActivity"
111-->[com.google.android.gms:play-services-base:17.1.0] AndroidManifest.xml:24:13-79
112            android:exported="false"
112-->[com.google.android.gms:play-services-base:17.1.0] AndroidManifest.xml:25:13-37
113            android:theme="@android:style/Theme.Translucent.NoTitleBar" />
113-->[com.google.android.gms:play-services-base:17.1.0] AndroidManifest.xml:26:13-72
114
115        <provider
115-->[com.google.firebase:firebase-common:20.0.0] AndroidManifest.xml:26:9-31:39
116            android:name="com.google.firebase.provider.FirebaseInitProvider"
116-->[com.google.firebase:firebase-common:20.0.0] AndroidManifest.xml:27:13-77
117            android:authorities="com.example.g_fit.firebaseinitprovider"
117-->[com.google.firebase:firebase-common:20.0.0] AndroidManifest.xml:28:13-72
118            android:directBootAware="true"
118-->[com.google.firebase:firebase-common:20.0.0] AndroidManifest.xml:29:13-43
119            android:exported="false"
119-->[com.google.firebase:firebase-common:20.0.0] AndroidManifest.xml:30:13-37
120            android:initOrder="100" />
120-->[com.google.firebase:firebase-common:20.0.0] AndroidManifest.xml:31:13-36
121
122        <meta-data
122-->[com.google.android.gms:play-services-basement:17.1.0] AndroidManifest.xml:23:9-25:69
123            android:name="com.google.android.gms.version"
123-->[com.google.android.gms:play-services-basement:17.1.0] AndroidManifest.xml:24:13-58
124            android:value="@integer/google_play_services_version" />
124-->[com.google.android.gms:play-services-basement:17.1.0] AndroidManifest.xml:25:13-66
125    </application>
126
127</manifest>